Determining if the pthread_create exist failed with the following output:
Change Dir: /home/javier/devel/gazebo/iris_custom_plugin/build/CMakeFiles/CMakeTmp

Run Build Command:"/usr/bin/make" "cmTC_bce1c/fast"
/usr/bin/make -f CMakeFiles/cmTC_bce1c.dir/build.make CMakeFiles/cmTC_bce1c.dir/build
make[1]: se entra en el directorio '/home/javier/devel/gazebo/iris_custom_plugin/build/CMakeFiles/CMakeTmp'
Building C object CMakeFiles/cmTC_bce1c.dir/CheckSymbolExists.c.o
/usr/lib/ccache/cc    -o CMakeFiles/cmTC_bce1c.dir/CheckSymbolExists.c.o   -c /home/javier/devel/gazebo/iris_custom_plugin/build/CMakeFiles/CMakeTmp/CheckSymbolExists.c
Linking C executable cmTC_bce1c
/usr/bin/cmake -E cmake_link_script CMakeFiles/cmTC_bce1c.dir/link.txt --verbose=1
/usr/lib/ccache/cc      -rdynamic CMakeFiles/cmTC_bce1c.dir/CheckSymbolExists.c.o  -o cmTC_bce1c 
CMakeFiles/cmTC_bce1c.dir/CheckSymbolExists.c.o: En la función `main':
CheckSymbolExists.c:(.text+0x1b): referencia a `pthread_create' sin definir
collect2: error: ld returned 1 exit status
CMakeFiles/cmTC_bce1c.dir/build.make:97: fallo en las instrucciones para el objetivo 'cmTC_bce1c'
make[1]: *** [cmTC_bce1c] Error 1
make[1]: se sale del directorio '/home/javier/devel/gazebo/iris_custom_plugin/build/CMakeFiles/CMakeTmp'
Makefile:126: fallo en las instrucciones para el objetivo 'cmTC_bce1c/fast'
make: *** [cmTC_bce1c/fast] Error 2

File /home/javier/devel/gazebo/iris_custom_plugin/build/CMakeFiles/CMakeTmp/CheckSymbolExists.c:
/* */
#include <pthread.h>

int main(int argc, char** argv)
{
  (void)argv;
#ifndef pthread_create
  return ((int*)(&pthread_create))[argc];
#else
  (void)argc;
  return 0;
#endif
}

Determining if the function pthread_create exists in the pthreads failed with the following output:
Change Dir: /home/javier/devel/gazebo/iris_custom_plugin/build/CMakeFiles/CMakeTmp

Run Build Command:"/usr/bin/make" "cmTC_4c330/fast"
/usr/bin/make -f CMakeFiles/cmTC_4c330.dir/build.make CMakeFiles/cmTC_4c330.dir/build
make[1]: se entra en el directorio '/home/javier/devel/gazebo/iris_custom_plugin/build/CMakeFiles/CMakeTmp'
Building C object CMakeFiles/cmTC_4c330.dir/CheckFunctionExists.c.o
/usr/lib/ccache/cc   -DCHECK_FUNCTION_EXISTS=pthread_create   -o CMakeFiles/cmTC_4c330.dir/CheckFunctionExists.c.o   -c /usr/share/cmake-3.10/Modules/CheckFunctionExists.c
Linking C executable cmTC_4c330
/usr/bin/cmake -E cmake_link_script CMakeFiles/cmTC_4c330.dir/link.txt --verbose=1
/usr/lib/ccache/cc  -DCHECK_FUNCTION_EXISTS=pthread_create    -rdynamic CMakeFiles/cmTC_4c330.dir/CheckFunctionExists.c.o  -o cmTC_4c330 -lpthreads 
/usr/bin/ld: no se puede encontrar -lpthreads
collect2: error: ld returned 1 exit status
CMakeFiles/cmTC_4c330.dir/build.make:97: fallo en las instrucciones para el objetivo 'cmTC_4c330'
make[1]: *** [cmTC_4c330] Error 1
make[1]: se sale del directorio '/home/javier/devel/gazebo/iris_custom_plugin/build/CMakeFiles/CMakeTmp'
Makefile:126: fallo en las instrucciones para el objetivo 'cmTC_4c330/fast'
make: *** [cmTC_4c330/fast] Error 2


